<?xml version="1.0" encoding="UTF-8"?>
<!-- Generated by org.testng.reporters.JUnitReportReporter -->
<testsuite hostname="DESKTOP-QGP3G9T" failures="0" tests="6" name="testing.InvocationCountTest" time="0.033" errors="0" timestamp="2023-03-21T16:07:20 IST" skipped="0">
  <testcase classname="testing.InvocationCountTest" name="tc5" time="0.004"/>
  <system-out/>
  <testcase classname="testing.InvocationCountTest" name="tc1" time="0.003"/>
  <system-out/>
  <testcase classname="testing.InvocationCountTest" name="tc1" time="0.017"/>
  <system-out/>
  <testcase classname="testing.InvocationCountTest" name="tc2" time="0.003"/>
  <system-out/>
  <testcase classname="testing.InvocationCountTest" name="tc2" time="0.003"/>
  <system-out/>
  <testcase classname="testing.InvocationCountTest" name="tc1" time="0.003"/>
  <system-out/>
</testsuite> <!-- testing.InvocationCountTest -->
