<?xml version="1.0" encoding="UTF-8"?>
<!-- Generated by org.testng.reporters.JUnitReportReporter -->
<testsuite hostname="DESKTOP-QGP3G9T" failures="0" tests="5" name="testing.priortizingTestCases" time="0.040" errors="0" timestamp="2023-03-21T15:38:47 IST" skipped="0">
  <testcase classname="testing.priortizingTestCases" name="tc2" time="0.022"/>
  <system-out/>
  <testcase classname="testing.priortizingTestCases" name="tc5" time="0.007"/>
  <system-out/>
  <testcase classname="testing.priortizingTestCases" name="tc4" time="0.004"/>
  <system-out/>
  <testcase classname="testing.priortizingTestCases" name="tc3" time="0.004"/>
  <system-out/>
  <testcase classname="testing.priortizingTestCases" name="tc1" time="0.003"/>
  <system-out/>
</testsuite> <!-- testing.priortizingTestCases -->
