<?xml version="1.0" encoding="UTF-8"?>
<!-- Generated by org.testng.reporters.JUnitReportReporter -->
<testsuite hostname="DESKTOP-QGP3G9T" failures="0" tests="1" name="testing.SimpleTest" time="0.027" errors="0" timestamp="2023-03-21T15:19:39 IST" skipped="0">
  <testcase classname="testing.SimpleTest" name="demoTest" time="0.027"/>
  <system-out/>
</testsuite> <!-- testing.SimpleTest -->
