<?xml version="1.0" encoding="UTF-8"?>
<!-- Generated by org.testng.reporters.JUnitReportReporter -->
<testsuite hostname="DESKTOP-QGP3G9T" failures="0" tests="1" name="testing.Testclass" time="0.020" errors="0" timestamp="2023-03-23T16:13:30 IST" skipped="0">
  <testcase classname="testing.Testclass" name="test" time="0.020"/>
  <system-out/>
</testsuite> <!-- testing.Testclass -->
