<?xml version="1.0" encoding="UTF-8"?>
<!-- Generated by org.testng.reporters.JUnitReportReporter -->
<testsuite hostname="DESKTOP-QGP3G9T" failures="0" tests="2" name="testing.DisablingTestCase" time="0.015" errors="0" timestamp="2023-03-21T16:20:29 IST" skipped="1">
  <testcase classname="testing.DisablingTestCase" name="demo2" time="0.015"/>
  <system-out/>
  <testcase classname="testing.DisablingTestCase" name="demo1">
    <skipped/>
  </testcase> <!-- demo1 -->
  <system-out/>
</testsuite> <!-- testing.DisablingTestCase -->
