<?xml version="1.0" encoding="UTF-8"?>
<!-- Generated by org.testng.reporters.JUnitReportReporter -->
<testsuite hostname="DESKTOP-QGP3G9T" failures="0" tests="1" name="groupexecution.Test2" time="0.002" errors="0" timestamp="2023-05-30T12:33:19 IST" skipped="0">
  <testcase classname="groupexecution.Test2" name="tc2" time="0.002"/>
  <system-out/>
</testsuite> <!-- groupexecution.Test2 -->
