<?xml version="1.0" encoding="UTF-8"?>
<!-- Generated by org.testng.reporters.JUnitReportReporter -->
<testsuite hostname="DESKTOP-QGP3G9T" failures="0" tests="1" name="groupexecution.Test1" time="0.014" errors="0" timestamp="2023-05-30T12:33:19 IST" skipped="0">
  <testcase classname="groupexecution.Test1" name="tc1" time="0.014"/>
  <system-out/>
</testsuite> <!-- groupexecution.Test1 -->
